[debug] [2023-07-19T13:27:40.154Z] ----------------------------------------------------------------------
[debug] [2023-07-19T13:27:40.155Z] Command:       C:\Program Files\nodejs\node.exe C:\Users\vpahs\AppData\Roaming\npm\node_modules\firebase-tools\lib\bin\firebase.js emulators:start
[debug] [2023-07-19T13:27:40.156Z] CLI Version:   11.9.0
[debug] [2023-07-19T13:27:40.156Z] Platform:      win32
[debug] [2023-07-19T13:27:40.156Z] Node Version:  v16.16.0
[debug] [2023-07-19T13:27:40.160Z] Time:          Wed Jul 19 2023 22:27:40 GMT+0900 (대한민국 표준시)
[debug] [2023-07-19T13:27:40.160Z] ----------------------------------------------------------------------
[debug] 
[debug] [2023-07-19T13:27:40.164Z] >>> [apiv2][query] GET https://firebase-public.firebaseio.com/cli.json [none]
[debug] [2023-07-19T13:27:40.223Z] > command requires scopes: ["email","openid","https://www.googleapis.com/auth/cloudplatformprojects.readonly","https://www.googleapis.com/auth/firebase","https://www.googleapis.com/auth/cloud-platform"]
[debug] [2023-07-19T13:27:40.224Z] > authorizing via signed-in user (qkrdns00@gmail.com)
[info] i  emulators: Starting emulators: functions, hosting {"metadata":{"emulator":{"name":"hub"},"message":"Starting emulators: functions, hosting"}}
[debug] [2023-07-19T13:27:40.251Z] [hub] writing locator at C:\Users\vpahs\AppData\Local\Temp\hub-e-clone-1289a.json
[warn] !  functions: The following emulators are not running, calls to these services from the Functions emulator will affect production: auth, firestore, database, pubsub, storage, eventarc {"metadata":{"emulator":{"name":"functions"},"message":"The following emulators are not running, calls to these services from the Functions emulator will affect production: \u001b[1mauth, firestore, database, pubsub, storage, eventarc\u001b[22m"}}
[info] +  functions: Using node@16 from host. {"metadata":{"emulator":{"name":"functions"},"message":"Using node@16 from host."}}
[debug] [2023-07-19T13:27:40.297Z] defaultcredentials: writing to file C:\Users\vpahs\AppData\Roaming\firebase\qkrdns00_gmail_com_application_default_credentials.json
[debug] [2023-07-19T13:27:40.304Z] Setting GAC to C:\Users\vpahs\AppData\Roaming\firebase\qkrdns00_gmail_com_application_default_credentials.json {"metadata":{"emulator":{"name":"functions"},"message":"Setting GAC to C:\\Users\\vpahs\\AppData\\Roaming\\firebase\\qkrdns00_gmail_com_application_default_credentials.json"}}
[debug] [2023-07-19T13:27:40.306Z] > refreshing access token with scopes: []
[debug] [2023-07-19T13:27:40.307Z] >>> [apiv2][query] POST https://www.googleapis.com/oauth2/v3/token [none]
[debug] [2023-07-19T13:27:40.307Z] >>> [apiv2][body] POST https://www.googleapis.com/oauth2/v3/token [omitted]
[debug] [2023-07-19T13:27:40.565Z] <<< [apiv2][status] POST https://www.googleapis.com/oauth2/v3/token 200
[debug] [2023-07-19T13:27:40.565Z] <<< [apiv2][body] POST https://www.googleapis.com/oauth2/v3/token [omitted]
[debug] [2023-07-19T13:27:40.577Z] >>> [apiv2][query] GET https://firebase.googleapis.com/v1beta1/projects/e-clone-1289a/adminSdkConfig [none]
[debug] [2023-07-19T13:27:40.676Z] <<< [apiv2][status] GET https://firebase-public.firebaseio.com/cli.json 200
[debug] [2023-07-19T13:27:40.677Z] <<< [apiv2][body] GET https://firebase-public.firebaseio.com/cli.json {"cloudBuildErrorAfter":1594252800000,"cloudBuildWarnAfter":1590019200000,"defaultNode10After":1594252800000,"minVersion":"3.0.5","node8DeploysDisabledAfter":1613390400000,"node8RuntimeDisabledAfter":1615809600000,"node8WarnAfter":1600128000000}
[debug] [2023-07-19T13:27:41.017Z] <<< [apiv2][status] GET https://firebase.googleapis.com/v1beta1/projects/e-clone-1289a/adminSdkConfig 200
[debug] [2023-07-19T13:27:41.017Z] <<< [apiv2][body] GET https://firebase.googleapis.com/v1beta1/projects/e-clone-1289a/adminSdkConfig {"projectId":"e-clone-1289a","storageBucket":"e-clone-1289a.appspot.com"}
[debug] [2023-07-19T13:27:41.080Z] >>> [apiv2][query] GET https://firebasehosting.googleapis.com/v1beta1/projects/e-clone-1289a/sites 
[debug] [2023-07-19T13:27:41.682Z] <<< [apiv2][status] GET https://firebasehosting.googleapis.com/v1beta1/projects/e-clone-1289a/sites 200
[debug] [2023-07-19T13:27:41.683Z] <<< [apiv2][body] GET https://firebasehosting.googleapis.com/v1beta1/projects/e-clone-1289a/sites {"sites":[{"name":"projects/e-clone-1289a/sites/e-clone-1289a","defaultUrl":"https://e-clone-1289a.web.app","appId":"1:9418900251:web:34bc9a97ac65fc3e7149be","type":"DEFAULT_SITE"}]}
[debug] [2023-07-19T13:27:41.684Z] >>> [apiv2][query] GET https://firebase.googleapis.com/v1beta1/projects/e-clone-1289a/webApps/1:9418900251:web:34bc9a97ac65fc3e7149be/config [none]
[debug] [2023-07-19T13:27:42.987Z] <<< [apiv2][status] GET https://firebase.googleapis.com/v1beta1/projects/e-clone-1289a/webApps/1:9418900251:web:34bc9a97ac65fc3e7149be/config 200
[debug] [2023-07-19T13:27:42.987Z] <<< [apiv2][body] GET https://firebase.googleapis.com/v1beta1/projects/e-clone-1289a/webApps/1:9418900251:web:34bc9a97ac65fc3e7149be/config {"projectId":"e-clone-1289a","appId":"1:9418900251:web:34bc9a97ac65fc3e7149be","storageBucket":"e-clone-1289a.appspot.com","apiKey":"AIzaSyADWdpd9InS1S_1zKq97oEAIeCA9gy98aQ","authDomain":"e-clone-1289a.firebaseapp.com","messagingSenderId":"9418900251","measurementId":"G-37MSTH5899"}
[info] i  hosting: Serving hosting files from: build {"metadata":{"emulator":{"name":"hosting"},"message":"Serving hosting files from: \u001b[1mbuild\u001b[22m"}}
[info] +  hosting: Local server: http://localhost:5000 {"metadata":{"emulator":{"name":"hosting"},"message":"Local server: \u001b[4m\u001b[1mhttp://localhost:5000\u001b[22m\u001b[24m"}}
[debug] [2023-07-19T13:27:43.081Z] Ignoring unsupported arg: auto_download {"metadata":{"emulator":{"name":"ui"},"message":"Ignoring unsupported arg: auto_download"}}
[debug] [2023-07-19T13:27:43.082Z] Ignoring unsupported arg: port {"metadata":{"emulator":{"name":"ui"},"message":"Ignoring unsupported arg: port"}}
[debug] [2023-07-19T13:27:43.082Z] Starting Emulator UI with command {"binary":"node","args":["C:\\Users\\vpahs\\.cache\\firebase\\emulators\\ui-v1.9.0\\server\\server.js"],"optionalArgs":[],"joinArgs":false} {"metadata":{"emulator":{"name":"ui"},"message":"Starting Emulator UI with command {\"binary\":\"node\",\"args\":[\"C:\\\\Users\\\\vpahs\\\\.cache\\\\firebase\\\\emulators\\\\ui-v1.9.0\\\\server\\\\server.js\"],\"optionalArgs\":[],\"joinArgs\":false}"}}
[info] i  ui: Emulator UI logging to ui-debug.log {"metadata":{"emulator":{"name":"ui"},"message":"Emulator UI logging to \u001b[1mui-debug.log\u001b[22m"}}
[debug] [2023-07-19T13:27:43.231Z] Web / API server started at localhost:4000
 {"metadata":{"emulator":{"name":"ui"},"message":"Web / API server started at localhost:4000\n"}}
[info] i  functions: Watching "C:\Users\vpahs\Desktop\dev\react-amazone\functions" for Cloud Functions... {"metadata":{"emulator":{"name":"functions"},"message":"Watching \"C:\\Users\\vpahs\\Desktop\\dev\\react-amazone\\functions\" for Cloud Functions..."}}
[debug] [2023-07-19T13:27:43.385Z] Validating nodejs source
[warn] !  functions: package.json indicates an outdated version of firebase-functions. Please upgrade using npm install --save firebase-functions@latest in your functions directory. 
[warn] !  functions: Please note that there will be breaking changes when you upgrade. 
[debug] [2023-07-19T13:27:45.707Z] > [functions] package.json contents: {
  "name": "functions",
  "description": "Cloud Functions for Firebase",
  "scripts": {
    "lint": "eslint .",
    "serve": "firebase emulators:start --only functions",
    "shell": "firebase functions:shell",
    "start": "npm run shell",
    "deploy": "firebase deploy --only functions",
    "logs": "firebase functions:log"
  },
  "engines": {
    "node": "16"
  },
  "main": "index.js",
  "dependencies": {
    "cors": "^2.8.5",
    "express": "^4.18.2",
    "firebase-admin": "^10.0.2",
    "firebase-functions": "^3.18.0",
    "stripe": "^11.0.0"
  },
  "devDependencies": {
    "eslint": "^8.9.0",
    "eslint-config-google": "^0.14.0",
    "firebase-functions-test": "^0.2.0"
  },
  "private": true
}
[debug] [2023-07-19T13:27:45.707Z] Building nodejs source
[debug] [2023-07-19T13:27:45.707Z] Analyzing nodejs backend spec
[debug] [2023-07-19T13:27:45.708Z] Could not find functions.yaml. Must use http discovery
[debug] [2023-07-19T13:27:46.006Z] Serving at port 9005

[debug] [2023-07-19T13:27:46.154Z] Got response from /__/functions.yaml {"endpoints":{"api":{"platform":"gcfv1","httpsTrigger":{},"entryPoint":"api"}},"specVersion":"v1alpha1","requiredAPIs":[]}
[debug] [2023-07-19T13:27:46.161Z] shutdown requested via /__/quitquitquit

[info] +  functions: Loaded functions definitions from source: api. {"metadata":{"emulator":{"name":"functions"},"message":"Loaded functions definitions from source: api."}}
[info] +  functions[us-central1-api]: http function initialized (http://localhost:5001/e-clone-1289a/us-central1/api). {"metadata":{"emulator":{"name":"functions"},"message":"\u001b[1mhttp\u001b[22m function initialized (http://localhost:5001/e-clone-1289a/us-central1/api)."}}
[info] 
┌─────────────────────────────────────────────────────────────┐
│ ✔  All emulators ready! It is now safe to connect your app. │
│ i  View Emulator UI at http://localhost:4000                │
└─────────────────────────────────────────────────────────────┘

┌───────────┬────────────────┬─────────────────────────────────┐
│ Emulator  │ Host:Port      │ View in Emulator UI             │
├───────────┼────────────────┼─────────────────────────────────┤
│ Functions │ localhost:5001 │ http://localhost:4000/functions │
├───────────┼────────────────┼─────────────────────────────────┤
│ Hosting   │ localhost:5000 │ n/a                             │
└───────────┴────────────────┴─────────────────────────────────┘
  Emulator Hub running at localhost:4400
  Other reserved ports: 4500

Issues? Report them at https://github.com/firebase/firebase-tools/issues and attach the *-debug.log files.
 
[debug] [2023-07-19T13:28:14.530Z] [work-queue] {"queueLength":1,"workRunningCount":0}
[debug] [2023-07-19T13:28:14.530Z] [work-queue] {"queueLength":0,"workRunningCount":1}
[debug] [2023-07-19T13:28:14.531Z] Accepted request POST /e-clone-1289a/us-central1/api/payments/create?total=1800000 --> us-central1-api
[debug] [2023-07-19T13:28:14.568Z] [worker-pool] addWorker(us-central1-api) {"metadata":{"emulator":{"name":"functions"},"message":"[worker-pool] addWorker(us-central1-api)"}}
[debug] [2023-07-19T13:28:14.569Z] [worker-pool] Adding worker with key us-central1-api, total=1 {"metadata":{"emulator":{"name":"functions"},"message":"[worker-pool] Adding worker with key us-central1-api, total=1"}}
[debug] [2023-07-19T13:28:14.569Z] [worker-pool] submitWork(triggerId=us-central1-api) {"metadata":{"emulator":{"name":"functions"},"message":"[worker-pool] submitWork(triggerId=us-central1-api)"}}
[debug] [2023-07-19T13:28:14.569Z] [worker-us-central1-api-dec1852b-a81c-4f35-b0c2-af3ed0feea28]: BUSY {"metadata":{"emulator":{"name":"functions"},"message":"[worker-us-central1-api-dec1852b-a81c-4f35-b0c2-af3ed0feea28]: BUSY"}}
[debug] [2023-07-19T13:28:15.795Z] [runtime-status] [10948] Resolved module firebase-admin {"declared":true,"installed":true,"version":"10.3.0","resolution":"C:\\Users\\vpahs\\Desktop\\dev\\react-amazone\\functions\\node_modules\\firebase-admin\\lib\\index.js"} {"metadata":{"emulator":{"name":"functions"},"function":{"name":"us-central1-api"},"extension":{},"message":"[runtime-status] [10948] Resolved module firebase-admin {\"declared\":true,\"installed\":true,\"version\":\"10.3.0\",\"resolution\":\"C:\\\\Users\\\\vpahs\\\\Desktop\\\\dev\\\\react-amazone\\\\functions\\\\node_modules\\\\firebase-admin\\\\lib\\\\index.js\"}"}}
[debug] [2023-07-19T13:28:15.796Z] [runtime-status] [10948] Resolved module firebase-functions {"declared":true,"installed":true,"version":"3.24.1","resolution":"C:\\Users\\vpahs\\Desktop\\dev\\react-amazone\\functions\\node_modules\\firebase-functions\\lib\\index.js"} {"metadata":{"emulator":{"name":"functions"},"function":{"name":"us-central1-api"},"extension":{},"message":"[runtime-status] [10948] Resolved module firebase-functions {\"declared\":true,\"installed\":true,\"version\":\"3.24.1\",\"resolution\":\"C:\\\\Users\\\\vpahs\\\\Desktop\\\\dev\\\\react-amazone\\\\functions\\\\node_modules\\\\firebase-functions\\\\lib\\\\index.js\"}"}}
[debug] [2023-07-19T13:28:15.797Z] [runtime-status] [10948] Outgoing network have been stubbed. [{"name":"http","status":"mocked"},{"name":"http","status":"mocked"},{"name":"https","status":"mocked"},{"name":"https","status":"mocked"},{"name":"net","status":"mocked"}] {"metadata":{"emulator":{"name":"functions"},"function":{"name":"us-central1-api"},"extension":{},"message":"[runtime-status] [10948] Outgoing network have been stubbed. [{\"name\":\"http\",\"status\":\"mocked\"},{\"name\":\"http\",\"status\":\"mocked\"},{\"name\":\"https\",\"status\":\"mocked\"},{\"name\":\"https\",\"status\":\"mocked\"},{\"name\":\"net\",\"status\":\"mocked\"}]"}}
[debug] [2023-07-19T13:28:15.798Z] [runtime-status] [10948] Resolved module firebase-functions {"declared":true,"installed":true,"version":"3.24.1","resolution":"C:\\Users\\vpahs\\Desktop\\dev\\react-amazone\\functions\\node_modules\\firebase-functions\\lib\\index.js"} {"metadata":{"emulator":{"name":"functions"},"function":{"name":"us-central1-api"},"extension":{},"message":"[runtime-status] [10948] Resolved module firebase-functions {\"declared\":true,\"installed\":true,\"version\":\"3.24.1\",\"resolution\":\"C:\\\\Users\\\\vpahs\\\\Desktop\\\\dev\\\\react-amazone\\\\functions\\\\node_modules\\\\firebase-functions\\\\lib\\\\index.js\"}"}}
[debug] [2023-07-19T13:28:15.841Z] [runtime-status] [10948] Checked functions.config() {"config":{}} {"metadata":{"emulator":{"name":"functions"},"function":{"name":"us-central1-api"},"extension":{},"message":"[runtime-status] [10948] Checked functions.config() {\"config\":{}}"}}
[debug] [2023-07-19T13:28:15.842Z] [runtime-status] [10948] firebase-functions has been stubbed. {"functionsResolution":{"declared":true,"installed":true,"version":"3.24.1","resolution":"C:\\Users\\vpahs\\Desktop\\dev\\react-amazone\\functions\\node_modules\\firebase-functions\\lib\\index.js"}} {"metadata":{"emulator":{"name":"functions"},"function":{"name":"us-central1-api"},"extension":{},"message":"[runtime-status] [10948] firebase-functions has been stubbed. {\"functionsResolution\":{\"declared\":true,\"installed\":true,\"version\":\"3.24.1\",\"resolution\":\"C:\\\\Users\\\\vpahs\\\\Desktop\\\\dev\\\\react-amazone\\\\functions\\\\node_modules\\\\firebase-functions\\\\lib\\\\index.js\"}}"}}
[debug] [2023-07-19T13:28:15.842Z] [runtime-status] [10948] Resolved module firebase-functions {"declared":true,"installed":true,"version":"3.24.1","resolution":"C:\\Users\\vpahs\\Desktop\\dev\\react-amazone\\functions\\node_modules\\firebase-functions\\lib\\index.js"} {"metadata":{"emulator":{"name":"functions"},"function":{"name":"us-central1-api"},"extension":{},"message":"[runtime-status] [10948] Resolved module firebase-functions {\"declared\":true,\"installed\":true,\"version\":\"3.24.1\",\"resolution\":\"C:\\\\Users\\\\vpahs\\\\Desktop\\\\dev\\\\react-amazone\\\\functions\\\\node_modules\\\\firebase-functions\\\\lib\\\\index.js\"}"}}
[debug] [2023-07-19T13:28:15.844Z] [runtime-status] [10948] Resolved module firebase-admin {"declared":true,"installed":true,"version":"10.3.0","resolution":"C:\\Users\\vpahs\\Desktop\\dev\\react-amazone\\functions\\node_modules\\firebase-admin\\lib\\index.js"} {"metadata":{"emulator":{"name":"functions"},"function":{"name":"us-central1-api"},"extension":{},"message":"[runtime-status] [10948] Resolved module firebase-admin {\"declared\":true,\"installed\":true,\"version\":\"10.3.0\",\"resolution\":\"C:\\\\Users\\\\vpahs\\\\Desktop\\\\dev\\\\react-amazone\\\\functions\\\\node_modules\\\\firebase-admin\\\\lib\\\\index.js\"}"}}
[debug] [2023-07-19T13:28:15.844Z] [runtime-status] [10948] Resolved module firebase-functions {"declared":true,"installed":true,"version":"3.24.1","resolution":"C:\\Users\\vpahs\\Desktop\\dev\\react-amazone\\functions\\node_modules\\firebase-functions\\lib\\index.js"} {"metadata":{"emulator":{"name":"functions"},"function":{"name":"us-central1-api"},"extension":{},"message":"[runtime-status] [10948] Resolved module firebase-functions {\"declared\":true,\"installed\":true,\"version\":\"3.24.1\",\"resolution\":\"C:\\\\Users\\\\vpahs\\\\Desktop\\\\dev\\\\react-amazone\\\\functions\\\\node_modules\\\\firebase-functions\\\\lib\\\\index.js\"}"}}
[debug] [2023-07-19T13:28:15.845Z] [runtime-status] [10948] firebase-admin has been stubbed. {"adminResolution":{"declared":true,"installed":true,"version":"10.3.0","resolution":"C:\\Users\\vpahs\\Desktop\\dev\\react-amazone\\functions\\node_modules\\firebase-admin\\lib\\index.js"}} {"metadata":{"emulator":{"name":"functions"},"function":{"name":"us-central1-api"},"extension":{},"message":"[runtime-status] [10948] firebase-admin has been stubbed. {\"adminResolution\":{\"declared\":true,\"installed\":true,\"version\":\"10.3.0\",\"resolution\":\"C:\\\\Users\\\\vpahs\\\\Desktop\\\\dev\\\\react-amazone\\\\functions\\\\node_modules\\\\firebase-admin\\\\lib\\\\index.js\"}}"}}
[debug] [2023-07-19T13:28:15.845Z] [runtime-status] [10948] Functions runtime initialized. {"cwd":"C:\\Users\\vpahs\\Desktop\\dev\\react-amazone\\functions","node_version":"16.16.0"} {"metadata":{"emulator":{"name":"functions"},"function":{"name":"us-central1-api"},"extension":{},"message":"[runtime-status] [10948] Functions runtime initialized. {\"cwd\":\"C:\\\\Users\\\\vpahs\\\\Desktop\\\\dev\\\\react-amazone\\\\functions\",\"node_version\":\"16.16.0\"}"}}
[debug] [2023-07-19T13:28:16.010Z] [runtime-status] [10948] Beginning invocation function api! {"metadata":{"emulator":{"name":"functions"},"function":{"name":"us-central1-api"},"extension":{},"message":"[runtime-status] [10948] Beginning invocation function api!"}}
[info] i  functions: Beginning execution of "api" {"metadata":{"emulator":{"name":"functions"},"function":{"name":"us-central1-api"},"extension":{},"message":"Beginning execution of \"api\""}}
[debug] [2023-07-19T13:28:16.011Z] [runtime-status] [10948] Running api in signature http {"metadata":{"emulator":{"name":"functions"},"function":{"name":"us-central1-api"},"extension":{},"message":"[runtime-status] [10948] Running api in signature http"}}
[debug] [2023-07-19T13:28:16.013Z] [runtime-status] [10948] Listening to port: \\?\pipe\fire_emu_3b727f3dafb811c5 {"metadata":{"emulator":{"name":"functions"},"function":{"name":"us-central1-api"},"extension":{},"message":"[runtime-status] [10948] Listening to port: \\\\?\\pipe\\fire_emu_3b727f3dafb811c5"}}
[debug] [2023-07-19T13:28:16.134Z] [functions] Runtime ready! Sending request! {"metadata":{"emulator":{"name":"functions"},"message":"[functions] Runtime ready! Sending request!"}}
[debug] [2023-07-19T13:28:16.134Z] [functions] Got req.url=/e-clone-1289a/us-central1/api/payments/create?total=1800000, mapping to path=/payments/create?total=1800000 {"metadata":{"emulator":{"name":"functions"},"message":"[functions] Got req.url=/e-clone-1289a/us-central1/api/payments/create?total=1800000, mapping to path=/payments/create?total=1800000"}}
[debug] [2023-07-19T13:28:16.138Z] [runtime-status] [10948] Ephemeral server handling POST request {"metadata":{"emulator":{"name":"functions"},"function":{"name":"us-central1-api"},"extension":{},"message":"[runtime-status] [10948] Ephemeral server handling POST request"}}
[info] >  payment 에서 가져온 total 곱하기 100의 양은 이것 입니다.1800000 {"user":"payment 에서 가져온 total 곱하기 100의 양은 이것 입니다.1800000","metadata":{"emulator":{"name":"functions"},"function":{"name":"us-central1-api"},"extension":{},"message":"\u001b[90m> \u001b[39m payment 에서 가져온 total 곱하기 100의 양은 이것 입니다.1800000"}}
[debug] [2023-07-19T13:28:16.166Z] [runtime-status] [10948] Ephemeral server survived. {"metadata":{"emulator":{"name":"functions"},"function":{"name":"us-central1-api"},"extension":{},"message":"[runtime-status] [10948] Ephemeral server survived."}}
[info] i  functions: Finished "api" in ~1s {"metadata":{"emulator":{"name":"functions"},"function":{"name":"us-central1-api"},"extension":{},"message":"Finished \"api\" in ~1s"}}
[debug] [2023-07-19T13:28:16.711Z] [worker-us-central1-api-dec1852b-a81c-4f35-b0c2-af3ed0feea28]: IDLE {"metadata":{"emulator":{"name":"functions"},"message":"[worker-us-central1-api-dec1852b-a81c-4f35-b0c2-af3ed0feea28]: IDLE"}}
[debug] [2023-07-19T13:28:16.712Z] [work-queue] {"queueLength":0,"workRunningCount":0}
[debug] [2023-07-19T13:33:57.394Z] [work-queue] {"queueLength":1,"workRunningCount":0}
[debug] [2023-07-19T13:33:57.395Z] [work-queue] {"queueLength":0,"workRunningCount":1}
[debug] [2023-07-19T13:33:57.395Z] Accepted request POST /e-clone-1289a/us-central1/api/payments/create?total=1700000 --> us-central1-api
[debug] [2023-07-19T13:33:57.395Z] [worker-pool] submitWork(triggerId=us-central1-api) {"metadata":{"emulator":{"name":"functions"},"message":"[worker-pool] submitWork(triggerId=us-central1-api)"}}
[debug] [2023-07-19T13:33:57.395Z] [worker-us-central1-api-dec1852b-a81c-4f35-b0c2-af3ed0feea28]: BUSY {"metadata":{"emulator":{"name":"functions"},"message":"[worker-us-central1-api-dec1852b-a81c-4f35-b0c2-af3ed0feea28]: BUSY"}}
[debug] [2023-07-19T13:33:57.396Z] [runtime-status] [10948] Beginning invocation function api! {"metadata":{"emulator":{"name":"functions"},"function":{"name":"us-central1-api"},"extension":{},"message":"[runtime-status] [10948] Beginning invocation function api!"}}
[info] i  functions: Beginning execution of "api" {"metadata":{"emulator":{"name":"functions"},"function":{"name":"us-central1-api"},"extension":{},"message":"Beginning execution of \"api\""}}
[debug] [2023-07-19T13:33:57.397Z] [runtime-status] [10948] Running api in signature http {"metadata":{"emulator":{"name":"functions"},"function":{"name":"us-central1-api"},"extension":{},"message":"[runtime-status] [10948] Running api in signature http"}}
[debug] [2023-07-19T13:33:57.398Z] [runtime-status] [10948] Listening to port: \\?\pipe\fire_emu_3b727f3dafb811c5 {"metadata":{"emulator":{"name":"functions"},"function":{"name":"us-central1-api"},"extension":{},"message":"[runtime-status] [10948] Listening to port: \\\\?\\pipe\\fire_emu_3b727f3dafb811c5"}}
[debug] [2023-07-19T13:33:57.509Z] [functions] Runtime ready! Sending request! {"metadata":{"emulator":{"name":"functions"},"message":"[functions] Runtime ready! Sending request!"}}
[debug] [2023-07-19T13:33:57.509Z] [functions] Got req.url=/e-clone-1289a/us-central1/api/payments/create?total=1700000, mapping to path=/payments/create?total=1700000 {"metadata":{"emulator":{"name":"functions"},"message":"[functions] Got req.url=/e-clone-1289a/us-central1/api/payments/create?total=1700000, mapping to path=/payments/create?total=1700000"}}
[debug] [2023-07-19T13:33:57.511Z] [runtime-status] [10948] Ephemeral server handling POST request {"metadata":{"emulator":{"name":"functions"},"function":{"name":"us-central1-api"},"extension":{},"message":"[runtime-status] [10948] Ephemeral server handling POST request"}}
[info] >  payment 에서 가져온 total 곱하기 100의 양은 이것 입니다.1700000 {"user":"payment 에서 가져온 total 곱하기 100의 양은 이것 입니다.1700000","metadata":{"emulator":{"name":"functions"},"function":{"name":"us-central1-api"},"extension":{},"message":"\u001b[90m> \u001b[39m payment 에서 가져온 total 곱하기 100의 양은 이것 입니다.1700000"}}
[debug] [2023-07-19T13:33:57.513Z] [runtime-status] [10948] Ephemeral server survived. {"metadata":{"emulator":{"name":"functions"},"function":{"name":"us-central1-api"},"extension":{},"message":"[runtime-status] [10948] Ephemeral server survived."}}
[info] i  functions: Finished "api" in ~1s {"metadata":{"emulator":{"name":"functions"},"function":{"name":"us-central1-api"},"extension":{},"message":"Finished \"api\" in ~1s"}}
[debug] [2023-07-19T13:33:57.930Z] [worker-us-central1-api-dec1852b-a81c-4f35-b0c2-af3ed0feea28]: IDLE {"metadata":{"emulator":{"name":"functions"},"message":"[worker-us-central1-api-dec1852b-a81c-4f35-b0c2-af3ed0feea28]: IDLE"}}
[debug] [2023-07-19T13:33:57.932Z] [work-queue] {"queueLength":0,"workRunningCount":0}
[debug] [2023-07-19T13:34:53.048Z] [work-queue] {"queueLength":1,"workRunningCount":0}
[debug] [2023-07-19T13:34:53.049Z] [work-queue] {"queueLength":0,"workRunningCount":1}
[debug] [2023-07-19T13:34:53.049Z] Accepted request POST /e-clone-1289a/us-central1/api/payments/create?total=3000000 --> us-central1-api
[debug] [2023-07-19T13:34:53.049Z] [worker-pool] submitWork(triggerId=us-central1-api) {"metadata":{"emulator":{"name":"functions"},"message":"[worker-pool] submitWork(triggerId=us-central1-api)"}}
[debug] [2023-07-19T13:34:53.049Z] [worker-us-central1-api-dec1852b-a81c-4f35-b0c2-af3ed0feea28]: BUSY {"metadata":{"emulator":{"name":"functions"},"message":"[worker-us-central1-api-dec1852b-a81c-4f35-b0c2-af3ed0feea28]: BUSY"}}
[debug] [2023-07-19T13:34:53.050Z] [runtime-status] [10948] Beginning invocation function api! {"metadata":{"emulator":{"name":"functions"},"function":{"name":"us-central1-api"},"extension":{},"message":"[runtime-status] [10948] Beginning invocation function api!"}}
[info] i  functions: Beginning execution of "api" {"metadata":{"emulator":{"name":"functions"},"function":{"name":"us-central1-api"},"extension":{},"message":"Beginning execution of \"api\""}}
[debug] [2023-07-19T13:34:53.052Z] [runtime-status] [10948] Running api in signature http {"metadata":{"emulator":{"name":"functions"},"function":{"name":"us-central1-api"},"extension":{},"message":"[runtime-status] [10948] Running api in signature http"}}
[debug] [2023-07-19T13:34:53.052Z] [runtime-status] [10948] Listening to port: \\?\pipe\fire_emu_3b727f3dafb811c5 {"metadata":{"emulator":{"name":"functions"},"function":{"name":"us-central1-api"},"extension":{},"message":"[runtime-status] [10948] Listening to port: \\\\?\\pipe\\fire_emu_3b727f3dafb811c5"}}
[debug] [2023-07-19T13:34:53.154Z] [functions] Runtime ready! Sending request! {"metadata":{"emulator":{"name":"functions"},"message":"[functions] Runtime ready! Sending request!"}}
[debug] [2023-07-19T13:34:53.155Z] [functions] Got req.url=/e-clone-1289a/us-central1/api/payments/create?total=3000000, mapping to path=/payments/create?total=3000000 {"metadata":{"emulator":{"name":"functions"},"message":"[functions] Got req.url=/e-clone-1289a/us-central1/api/payments/create?total=3000000, mapping to path=/payments/create?total=3000000"}}
[debug] [2023-07-19T13:34:53.156Z] [runtime-status] [10948] Ephemeral server handling POST request {"metadata":{"emulator":{"name":"functions"},"function":{"name":"us-central1-api"},"extension":{},"message":"[runtime-status] [10948] Ephemeral server handling POST request"}}
[info] >  payment 에서 가져온 total 곱하기 100의 양은 이것 입니다.3000000 {"user":"payment 에서 가져온 total 곱하기 100의 양은 이것 입니다.3000000","metadata":{"emulator":{"name":"functions"},"function":{"name":"us-central1-api"},"extension":{},"message":"\u001b[90m> \u001b[39m payment 에서 가져온 total 곱하기 100의 양은 이것 입니다.3000000"}}
[debug] [2023-07-19T13:34:53.158Z] [runtime-status] [10948] Ephemeral server survived. {"metadata":{"emulator":{"name":"functions"},"function":{"name":"us-central1-api"},"extension":{},"message":"[runtime-status] [10948] Ephemeral server survived."}}
[info] i  functions: Finished "api" in ~1s {"metadata":{"emulator":{"name":"functions"},"function":{"name":"us-central1-api"},"extension":{},"message":"Finished \"api\" in ~1s"}}
[debug] [2023-07-19T13:34:53.460Z] [worker-us-central1-api-dec1852b-a81c-4f35-b0c2-af3ed0feea28]: IDLE {"metadata":{"emulator":{"name":"functions"},"message":"[worker-us-central1-api-dec1852b-a81c-4f35-b0c2-af3ed0feea28]: IDLE"}}
[debug] [2023-07-19T13:34:53.461Z] [work-queue] {"queueLength":0,"workRunningCount":0}
